|08:13:47| [INFO] Logging initialized!
|08:13:47| [INFO] Current date: 2015-12-13
|08:13:47| [INFO] This is an automatically generated log file for Andrew, Tianli, and Jack's Assignment 2 for ICS4U 2015 Semester 1.
|08:13:47| [INFO] A total population of all the existing populations in facilities was calculated to be 0 people.
|08:13:53| [INFO] A total population of all the existing populations in facilities was calculated to be 0 people.
|08:13:57| [INFO] A total population of all the existing populations in facilities was calculated to be 0 people.
|08:13:57| [INFO] A total happy population of all the existing populations in facilities was calculated to be 0 people.
|08:13:57| [INFO] A total happy population of all the existing populations in facilities was calculated to be 0 people.
|08:13:57| [INFO] A total population of all the existing populations in facilities was calculated to be 0 people.
|08:13:57| [INFO] Asteroid impact did not occur- procedure generated a value of 1302 (value should not be 0)
|08:14:07| [INFO] A total population of all the existing populations in facilities was calculated to be 0 people.
|08:14:07| [INFO] A total happy population of all the existing populations in facilities was calculated to be 0 people.
|08:14:07| [INFO] A total happy population of all the existing populations in facilities was calculated to be 0 people.
|08:14:07| [INFO] A total population of all the existing populations in facilities was calculated to be 0 people.
|08:14:07| [INFO] Asteroid impact did not occur- procedure generated a value of 897 (value should not be 0)
|08:14:09| [INFO] A total population of all the existing populations in facilities was calculated to be 0 people.
|08:14:13| [INFO] A total population of all the existing populations in facilities was calculated to be 0 people.
|08:14:15| [INFO] A total population of all the existing populations in facilities was calculated to be 0 people.
|08:14:17| [INFO] A total population of all the existing populations in facilities was calculated to be 0 people.
|08:14:17| [INFO] A total population of all the existing populations in facilities was calculated to be 0 people.
|08:14:17| [INFO] A total happy population of all the existing populations in facilities was calculated to be 0 people.
|08:14:17| [INFO] A total happy population of all the existing populations in facilities was calculated to be 0 people.
|08:14:17| [INFO] A total population of all the existing populations in facilities was calculated to be 0 people.
|08:14:17| [INFO] Asteroid impact did not occur- procedure generated a value of 721 (value should not be 0)
|08:14:22| [INFO] A total population of all the existing populations in facilities was calculated to be 0 people.
|08:14:26| [INFO] Successfully constructed a store on top of SimSpace_JAT.Store at (11,17). Store costed $2000000; remaining balance: $2364850000.
|08:14:26| [INFO] A total population of all the existing populations in facilities was calculated to be 0 people.
|08:14:27| [INFO] A total population of all the existing populations in facilities was calculated to be 0 people.
|08:14:27| [INFO] A total happy population of all the existing populations in facilities was calculated to be 0 people.
|08:14:27| [INFO] A total happy population of all the existing populations in facilities was calculated to be 0 people.
|08:14:27| [INFO] A total population of all the existing populations in facilities was calculated to be 1500 people.
|08:14:27| [INFO] Asteroid impact did not occur- procedure generated a value of 4651 (value should not be 0)
|08:14:37| [INFO] A total population of all the existing populations in facilities was calculated to be 1500 people.
|08:14:37| [INFO] A total happy population of all the existing populations in facilities was calculated to be 375 people.
|08:14:37| [INFO] A total happy population of all the existing populations in facilities was calculated to be 375 people.
|08:14:37| [INFO] A total population of all the existing populations in facilities was calculated to be 3000 people.
|08:14:37| [INFO] Asteroid impact did not occur- procedure generated a value of 6417 (value should not be 0)
|08:14:47| [INFO] A total population of all the existing populations in facilities was calculated to be 3000 people.
|08:14:47| [INFO] A total happy population of all the existing populations in facilities was calculated to be 750 people.
|08:14:47| [INFO] A total happy population of all the existing populations in facilities was calculated to be 750 people.
|08:14:47| [INFO] A total population of all the existing populations in facilities was calculated to be 4500 people.
|08:14:48| [INFO] Asteroid impact did not occur- procedure generated a value of 2902 (value should not be 0)
