|05:23:42| [INFO] Logging initialized!
|05:23:42| [INFO] Current date: 2015-12-13
|05:23:42| [INFO] This is an automatically generated log file for Andrew, Tianli, and Jack's Assignment 2 for ICS4U 2015 Semester 1.
|05:23:42| [INFO] A total population of all the existing populations in facilities was calculated to be 0 people.
|05:23:46| [INFO] A total population of all the existing populations in facilities was calculated to be 0 people.
|05:23:49| [INFO] A total population of all the existing populations in facilities was calculated to be 0 people.
|05:23:52| [INFO] A total population of all the existing populations in facilities was calculated to be 0 people.
|05:23:52| [INFO] A total happy population of all the existing populations in facilities was calculated to be 0 people.
|05:23:52| [INFO] A total happy population of all the existing populations in facilities was calculated to be 0 people.
|05:23:52| [INFO] A total population of all the existing populations in facilities was calculated to be 0 people.
|05:23:57| [INFO] A total population of all the existing populations in facilities was calculated to be 0 people.
|05:24:00| [INFO] A total population of all the existing populations in facilities was calculated to be 0 people.
|05:24:03| [INFO] A total population of all the existing populations in facilities was calculated to be 0 people.
|05:24:03| [INFO] A total population of all the existing populations in facilities was calculated to be 0 people.
|05:24:03| [INFO] A total happy population of all the existing populations in facilities was calculated to be 0 people.
|05:24:03| [INFO] A total happy population of all the existing populations in facilities was calculated to be 0 people.
|05:24:03| [INFO] A total population of all the existing populations in facilities was calculated to be 0 people.
|05:24:05| [INFO] A total population of all the existing populations in facilities was calculated to be 0 people.
|05:24:08| [INFO] A total population of all the existing populations in facilities was calculated to be 0 people.
|05:24:13| [INFO] A total population of all the existing populations in facilities was calculated to be 0 people.
|05:24:13| [INFO] A total happy population of all the existing populations in facilities was calculated to be 0 people.
|05:24:13| [INFO] A total happy population of all the existing populations in facilities was calculated to be 0 people.
|05:24:13| [INFO] A total population of all the existing populations in facilities was calculated to be 0 people.
|05:24:13| [INFO] A total population of all the existing populations in facilities was calculated to be 0 people.
|05:24:16| [INFO] A total population of all the existing populations in facilities was calculated to be 0 people.
|05:24:18| [INFO] A total population of all the existing populations in facilities was calculated to be 0 people.
|05:24:20| [INFO] Successfully constructed a store on top of SimSpace_JAT.Store at (8,10). Store costed $2000000; remaining balance: $1272900000.
|05:24:20| [INFO] A total population of all the existing populations in facilities was calculated to be 0 people.
|05:24:22| [INFO] A total population of all the existing populations in facilities was calculated to be 0 people.
|05:24:23| [INFO] A total population of all the existing populations in facilities was calculated to be 0 people.
|05:24:23| [INFO] A total happy population of all the existing populations in facilities was calculated to be 0 people.
|05:24:23| [INFO] A total happy population of all the existing populations in facilities was calculated to be 0 people.
|05:24:23| [INFO] A total population of all the existing populations in facilities was calculated to be 4000 people.
|05:24:24| [INFO] A total population of all the existing populations in facilities was calculated to be 4000 people.
|05:24:25| [INFO] A total population of all the existing populations in facilities was calculated to be 4000 people.
|05:24:32| [INFO] A total population of all the existing populations in facilities was calculated to be 4000 people.
|05:24:33| [INFO] A total happy population of all the existing populations in facilities was calculated to be 625 people.
|05:24:33| [INFO] A total happy population of all the existing populations in facilities was calculated to be 625 people.
|05:24:34| [INFO] A total population of all the existing populations in facilities was calculated to be 11000 people.
