|08:51:11| [INFO] Logging initialized!
|08:51:11| [INFO] Current date: 2015-12-13
|08:51:11| [INFO] This is an automatically generated log file for Andrew, Tianli, and Jack's Assignment 2 for ICS4U 2015 Semester 1.
|08:51:11| [INFO] A total population of all the existing populations in facilities was calculated to be 0 people.
|08:51:16| [INFO] A total population of all the existing populations in facilities was calculated to be 0 people.
|08:51:17| [INFO] A total population of all the existing populations in facilities was calculated to be 0 people.
|08:51:21| [INFO] A total population of all the existing populations in facilities was calculated to be 0 people.
|08:51:21| [INFO] A total happy population of all the existing populations in facilities was calculated to be 0 people.
|08:51:21| [INFO] A total happy population of all the existing populations in facilities was calculated to be 0 people.
|08:51:22| [INFO] A total population of all the existing populations in facilities was calculated to be 0 people.
|08:51:22| [INFO] Asteroid impact did not occur- procedure generated a value of 7252 (value should not be 0)
|08:51:22| [INFO] A total population of all the existing populations in facilities was calculated to be 0 people.
|08:51:28| [INFO] A total population of all the existing populations in facilities was calculated to be 0 people.
|08:51:31| [INFO] A total population of all the existing populations in facilities was calculated to be 0 people.
|08:51:31| [INFO] A total happy population of all the existing populations in facilities was calculated to be 0 people.
|08:51:31| [INFO] A total happy population of all the existing populations in facilities was calculated to be 0 people.
|08:51:31| [INFO] A total population of all the existing populations in facilities was calculated to be 0 people.
|08:51:31| [INFO] Asteroid impact did not occur- procedure generated a value of 7118 (value should not be 0)
|08:51:40| [INFO] A total population of all the existing populations in facilities was calculated to be 0 people.
|08:51:41| [INFO] A total population of all the existing populations in facilities was calculated to be 0 people.
|08:51:41| [INFO] A total happy population of all the existing populations in facilities was calculated to be 0 people.
|08:51:41| [INFO] A total happy population of all the existing populations in facilities was calculated to be 0 people.
|08:51:42| [INFO] A total population of all the existing populations in facilities was calculated to be 0 people.
|08:51:42| [INFO] Asteroid impact did not occur- procedure generated a value of 215 (value should not be 0)
|08:51:51| [INFO] A total population of all the existing populations in facilities was calculated to be 0 people.
|08:51:51| [INFO] A total happy population of all the existing populations in facilities was calculated to be 0 people.
|08:51:51| [INFO] A total happy population of all the existing populations in facilities was calculated to be 0 people.
|08:51:51| [INFO] A total population of all the existing populations in facilities was calculated to be 0 people.
|08:51:51| [INFO] Asteroid impact did not occur- procedure generated a value of 5288 (value should not be 0)
|08:52:01| [INFO] A total population of all the existing populations in facilities was calculated to be 0 people.
|08:52:01| [INFO] A total happy population of all the existing populations in facilities was calculated to be 0 people.
|08:52:01| [INFO] A total happy population of all the existing populations in facilities was calculated to be 0 people.
|08:52:01| [INFO] A total population of all the existing populations in facilities was calculated to be 0 people.
|08:52:01| [INFO] Asteroid impact did not occur- procedure generated a value of 6416 (value should not be 0)
|08:52:11| [INFO] A total population of all the existing populations in facilities was calculated to be 0 people.
|08:52:11| [INFO] A total happy population of all the existing populations in facilities was calculated to be 0 people.
|08:52:11| [INFO] A total happy population of all the existing populations in facilities was calculated to be 0 people.
|08:52:11| [INFO] A total population of all the existing populations in facilities was calculated to be 0 people.
|08:52:11| [INFO] Asteroid impact did not occur- procedure generated a value of 6120 (value should not be 0)
