|08:32:33| [INFO] Logging initialized!
|08:32:33| [INFO] Current date: 2015-12-13
|08:32:33| [INFO] This is an automatically generated log file for Andrew, Tianli, and Jack's Assignment 2 for ICS4U 2015 Semester 1.
|08:32:33| [INFO] A total population of all the existing populations in facilities was calculated to be 0 people.
|08:32:38| [INFO] A total population of all the existing populations in facilities was calculated to be 0 people.
|08:32:40| [INFO] A total population of all the existing populations in facilities was calculated to be 0 people.
|08:32:41| [INFO] A total population of all the existing populations in facilities was calculated to be 0 people.
|08:32:43| [INFO] A total population of all the existing populations in facilities was calculated to be 0 people.
|08:32:43| [INFO] A total population of all the existing populations in facilities was calculated to be 0 people.
|08:32:43| [INFO] A total happy population of all the existing populations in facilities was calculated to be 0 people.
|08:32:43| [INFO] A total happy population of all the existing populations in facilities was calculated to be 0 people.
|08:32:43| [INFO] A total population of all the existing populations in facilities was calculated to be 0 people.
|08:32:43| [INFO] Asteroid impact did not occur- procedure generated a value of 9374 (value should not be 0)
|08:32:44| [INFO] A total population of all the existing populations in facilities was calculated to be 0 people.
|08:32:53| [INFO] A total population of all the existing populations in facilities was calculated to be 0 people.
|08:32:53| [INFO] A total happy population of all the existing populations in facilities was calculated to be 0 people.
|08:32:53| [INFO] A total happy population of all the existing populations in facilities was calculated to be 0 people.
|08:32:53| [INFO] A total population of all the existing populations in facilities was calculated to be 0 people.
|08:32:53| [INFO] Asteroid impact did not occur- procedure generated a value of 2089 (value should not be 0)
|08:33:03| [INFO] A total population of all the existing populations in facilities was calculated to be 0 people.
|08:33:03| [INFO] A total happy population of all the existing populations in facilities was calculated to be 0 people.
|08:33:03| [INFO] A total happy population of all the existing populations in facilities was calculated to be 0 people.
|08:33:03| [INFO] A total population of all the existing populations in facilities was calculated to be 0 people.
|08:33:03| [INFO] Asteroid impact did not occur- procedure generated a value of 1310 (value should not be 0)
|08:33:07| [INFO] A total population of all the existing populations in facilities was calculated to be 0 people.
|08:33:13| [INFO] A total population of all the existing populations in facilities was calculated to be 0 people.
|08:33:13| [INFO] A total happy population of all the existing populations in facilities was calculated to be 0 people.
|08:33:13| [INFO] A total happy population of all the existing populations in facilities was calculated to be 0 people.
|08:33:13| [INFO] A total population of all the existing populations in facilities was calculated to be 1500 people.
|08:33:13| [INFO] Asteroid impact did not occur- procedure generated a value of 7438 (value should not be 0)
|08:33:14| [INFO] A total population of all the existing populations in facilities was calculated to be 1500 people.
|08:33:23| [INFO] A total population of all the existing populations in facilities was calculated to be 1500 people.
|08:33:23| [INFO] A total happy population of all the existing populations in facilities was calculated to be 375 people.
|08:33:23| [INFO] A total happy population of all the existing populations in facilities was calculated to be 375 people.
|08:33:23| [INFO] A total population of all the existing populations in facilities was calculated to be 3000 people.
|08:33:23| [INFO] Asteroid impact did not occur- procedure generated a value of 8733 (value should not be 0)
|08:33:33| [INFO] A total population of all the existing populations in facilities was calculated to be 3000 people.
|08:33:33| [INFO] A total happy population of all the existing populations in facilities was calculated to be 750 people.
|08:33:33| [INFO] A total happy population of all the existing populations in facilities was calculated to be 750 people.
|08:33:33| [INFO] A total population of all the existing populations in facilities was calculated to be 4500 people.
|08:33:33| [INFO] Asteroid impact did not occur- procedure generated a value of 6368 (value should not be 0)
|08:33:43| [INFO] A total population of all the existing populations in facilities was calculated to be 4500 people.
|08:33:43| [INFO] A total happy population of all the existing populations in facilities was calculated to be 1125 people.
|08:33:43| [INFO] A total happy population of all the existing populations in facilities was calculated to be 1125 people.
|08:33:43| [INFO] A total population of all the existing populations in facilities was calculated to be 6000 people.
|08:33:43| [INFO] Asteroid impact did not occur- procedure generated a value of 1758 (value should not be 0)
|08:33:53| [INFO] A total population of all the existing populations in facilities was calculated to be 6000 people.
|08:33:53| [INFO] A total happy population of all the existing populations in facilities was calculated to be 1500 people.
|08:33:53| [INFO] A total happy population of all the existing populations in facilities was calculated to be 1500 people.
|08:33:53| [INFO] A total population of all the existing populations in facilities was calculated to be 7500 people.
|08:33:53| [INFO] Asteroid impact did not occur- procedure generated a value of 3180 (value should not be 0)
|08:34:03| [INFO] A total population of all the existing populations in facilities was calculated to be 7500 people.
|08:34:03| [INFO] A total happy population of all the existing populations in facilities was calculated to be 1875 people.
|08:34:03| [INFO] A total happy population of all the existing populations in facilities was calculated to be 1875 people.
|08:34:03| [INFO] A total population of all the existing populations in facilities was calculated to be 9000 people.
|08:34:03| [INFO] Asteroid impact did not occur- procedure generated a value of 9146 (value should not be 0)
|08:34:13| [INFO] A total population of all the existing populations in facilities was calculated to be 9000 people.
|08:34:13| [INFO] A total happy population of all the existing populations in facilities was calculated to be 2250 people.
|08:34:13| [INFO] A total happy population of all the existing populations in facilities was calculated to be 2250 people.
|08:34:13| [INFO] A total population of all the existing populations in facilities was calculated to be 10500 people.
|08:34:13| [INFO] Asteroid impact did not occur- procedure generated a value of 516 (value should not be 0)
|08:34:23| [INFO] A total population of all the existing populations in facilities was calculated to be 10500 people.
|08:34:23| [INFO] A total happy population of all the existing populations in facilities was calculated to be 2625 people.
|08:34:23| [INFO] A total happy population of all the existing populations in facilities was calculated to be 2625 people.
|08:34:23| [INFO] A total population of all the existing populations in facilities was calculated to be 12000 people.
|08:34:23| [INFO] Asteroid impact did not occur- procedure generated a value of 133 (value should not be 0)
|08:34:33| [INFO] A total population of all the existing populations in facilities was calculated to be 12000 people.
|08:34:33| [INFO] A total happy population of all the existing populations in facilities was calculated to be 3000 people.
|08:34:33| [INFO] A total happy population of all the existing populations in facilities was calculated to be 3000 people.
|08:34:33| [INFO] A total population of all the existing populations in facilities was calculated to be 13500 people.
|08:34:33| [INFO] Asteroid impact did not occur- procedure generated a value of 3995 (value should not be 0)
|08:34:43| [INFO] A total population of all the existing populations in facilities was calculated to be 13500 people.
|08:34:43| [INFO] A total happy population of all the existing populations in facilities was calculated to be 3375 people.
|08:34:43| [INFO] A total happy population of all the existing populations in facilities was calculated to be 3375 people.
|08:34:43| [INFO] A total population of all the existing populations in facilities was calculated to be 15000 people.
|08:34:43| [INFO] Asteroid impact did not occur- procedure generated a value of 7395 (value should not be 0)
|08:34:53| [INFO] A total population of all the existing populations in facilities was calculated to be 15000 people.
|08:34:53| [INFO] A total happy population of all the existing populations in facilities was calculated to be 3750 people.
|08:34:53| [INFO] A total happy population of all the existing populations in facilities was calculated to be 3750 people.
|08:34:53| [INFO] A total population of all the existing populations in facilities was calculated to be 15000 people.
|08:34:53| [INFO] Asteroid impact did not occur- procedure generated a value of 1484 (value should not be 0)
|08:34:55| [INFO] Successfully constructed an office on top of SimSpace_JAT.Office at (9,14). Office costed $2000000; remaining balance: $1543550000.
|08:34:55| [INFO] A total population of all the existing populations in facilities was calculated to be 15000 people.
|08:35:03| [INFO] A total population of all the existing populations in facilities was calculated to be 15000 people.
|08:35:03| [INFO] A total happy population of all the existing populations in facilities was calculated to be 3750 people.
|08:35:03| [INFO] A total happy population of all the existing populations in facilities was calculated to be 3750 people.
|08:35:03| [INFO] A total population of all the existing populations in facilities was calculated to be 15000 people.
|08:35:03| [INFO] Asteroid impact did not occur- procedure generated a value of 5788 (value should not be 0)
|08:35:14| [INFO] A total population of all the existing populations in facilities was calculated to be 15000 people.
|08:35:14| [INFO] A total happy population of all the existing populations in facilities was calculated to be 3750 people.
|08:35:14| [INFO] A total happy population of all the existing populations in facilities was calculated to be 3750 people.
|08:35:14| [INFO] A total population of all the existing populations in facilities was calculated to be 15000 people.
|08:35:14| [INFO] Asteroid impact did not occur- procedure generated a value of 9002 (value should not be 0)
|08:35:15| [INFO] Successfully constructed a restaurant on top of SimSpace_JAT.Restaurant at (10,13). Restaurant costed $250000; remaining balance: $1494220000.
|08:35:15| [INFO] A total population of all the existing populations in facilities was calculated to be 15000 people.
|08:35:23| [INFO] A total population of all the existing populations in facilities was calculated to be 15000 people.
|08:35:23| [INFO] A total happy population of all the existing populations in facilities was calculated to be 3750 people.
|08:35:23| [INFO] A total happy population of all the existing populations in facilities was calculated to be 3750 people.
|08:35:23| [INFO] A total population of all the existing populations in facilities was calculated to be 15000 people.
|08:35:23| [INFO] Asteroid impact did not occur- procedure generated a value of 8585 (value should not be 0)
|08:35:33| [INFO] A total population of all the existing populations in facilities was calculated to be 15000 people.
|08:35:33| [INFO] A total happy population of all the existing populations in facilities was calculated to be 3750 people.
|08:35:33| [INFO] A total happy population of all the existing populations in facilities was calculated to be 3750 people.
|08:35:33| [INFO] A total population of all the existing populations in facilities was calculated to be 15000 people.
|08:35:33| [INFO] Asteroid impact did not occur- procedure generated a value of 8005 (value should not be 0)
